<?xml version="1.0" encoding="UTF-8"?>
<!-- Generated by org.testng.reporters.JUnitXMLReporter -->
<testsuite hostname="Parvez-Home" ignored="2" name="Amazon Home" tests="2" failures="0" timestamp="21 Feb 2018 06:12:53 GMT" time="31.194" errors="0">
  <testcase name="test1" time="0.744" classname="home.SearchMenu"/>
  <testcase name="searchItemsTest" time="12.209" classname="search.TestSearch"/>
  <testcase name="@AfterSuite generateReport" time="0.0" classname="base.CommonAPI">
    <ignored/>
  </testcase> <!-- @AfterSuite generateReport -->
  <testcase name="@BeforeSuite extentSetup" time="0.0" classname="base.CommonAPI">
    <ignored/>
  </testcase> <!-- @BeforeSuite extentSetup -->
</testsuite> <!-- Amazon Home -->
