<?xml version="1.0" encoding="UTF-8"?>
<testng-results skipped="0" failed="0" ignored="0" total="2" passed="2">
  <reporter-output>
  </reporter-output>
  <suite name="Amazon Automation Test" duration-ms="30437" started-at="2018-02-21T05:24:09Z" finished-at="2018-02-21T05:24:40Z">
    <groups>
    </groups>
    <test name="Amazon Home" duration-ms="30437" started-at="2018-02-21T05:24:09Z" finished-at="2018-02-21T05:24:40Z">
      <class name="search.TestSearch">
        <test-method status="PASS" signature="setUp(java.lang.String)[pri:0, instance:search.TestSearch@6895a785]" name="setUp" is-config="true" duration-ms="7876" started-at="2018-02-21T00:24:19Z" finished-at="2018-02-21T00:24:27Z">
          <params>
            <param index="0">
              <value>
                <![CDATA[https://www.amazon.com]]>
              </value>
            </param>
          </params>
          <reporter-output>
          </reporter-output>
        </test-method> <!-- setUp -->
        <test-method status="PASS" signature="searchItemsTest()[pri:0, instance:search.TestSearch@6895a785]" name="searchItemsTest" duration-ms="12166" started-at="2018-02-21T00:24:27Z" finished-at="2018-02-21T00:24:39Z">
          <reporter-output>
          </reporter-output>
        </test-method> <!-- searchItemsTest -->
        <test-method status="PASS" signature="cleanUp()[pri:0, instance:search.TestSearch@6895a785]" name="cleanUp" is-config="true" duration-ms="826" started-at="2018-02-21T00:24:39Z" finished-at="2018-02-21T00:24:40Z">
          <reporter-output>
          </reporter-output>
        </test-method> <!-- cleanUp -->
      </class> <!-- search.TestSearch -->
      <class name="home.SearchMenu">
        <test-method status="PASS" signature="setUp(java.lang.String)[pri:0, instance:home.SearchMenu@48503868]" name="setUp" is-config="true" duration-ms="8311" started-at="2018-02-21T00:24:09Z" finished-at="2018-02-21T00:24:17Z">
          <params>
            <param index="0">
              <value>
                <![CDATA[https://www.amazon.com]]>
              </value>
            </param>
          </params>
          <reporter-output>
          </reporter-output>
        </test-method> <!-- setUp -->
        <test-method status="PASS" signature="test1()[pri:0, instance:home.SearchMenu@48503868]" name="test1" duration-ms="489" started-at="2018-02-21T00:24:17Z" finished-at="2018-02-21T00:24:18Z">
          <reporter-output>
          </reporter-output>
        </test-method> <!-- test1 -->
        <test-method status="PASS" signature="cleanUp()[pri:0, instance:home.SearchMenu@48503868]" name="cleanUp" is-config="true" duration-ms="749" started-at="2018-02-21T00:24:18Z" finished-at="2018-02-21T00:24:19Z">
          <reporter-output>
          </reporter-output>
        </test-method> <!-- cleanUp -->
      </class> <!-- home.SearchMenu -->
    </test> <!-- Amazon Home -->
  </suite> <!-- Amazon Automation Test -->
</testng-results>
