<?xml version="1.0" encoding="UTF-8"?>
<testng-results skipped="0" failed="0" ignored="0" total="1" passed="1">
  <reporter-output>
    <line>
      <![CDATA[Extent Report DirectoryC:\Users\Kowser\IdeaProjects\Web-Automation\Amazon\test-output\html]]>
    </line>
    <line>
      <![CDATA[DropDownMenuSearch: drop Down Search]]>
    </line>
    <line>
      <![CDATA[DropDownMenuSearch: type On Input Search]]>
    </line>
  </reporter-output>
  <suite name="Amazon Automation Test" duration-ms="34987" started-at="2018-03-24T00:09:02Z" finished-at="2018-03-24T00:09:37Z">
    <groups>
    </groups>
    <test name="Amazon Home" duration-ms="34987" started-at="2018-03-24T00:09:02Z" finished-at="2018-03-24T00:09:37Z">
      <class name="search.DropDownMenuSearch">
        <test-method status="PASS" signature="extentSetup(org.testng.ITestContext)[pri:0, instance:search.DropDownMenuSearch@3108bc]" name="extentSetup" is-config="true" duration-ms="192" started-at="2018-03-23T20:09:02Z" finished-at="2018-03-23T20:09:02Z">
          <params>
            <param index="0">
              <value>
                <![CDATA[org.testng.TestRunner@61c9c3fd]]>
              </value>
            </param>
          </params>
          <reporter-output>
            <line>
              <![CDATA[Extent Report DirectoryC:\Users\Kowser\IdeaProjects\Web-Automation\Amazon\test-output\html]]>
            </line>
          </reporter-output>
        </test-method> <!-- extentSetup -->
        <test-method status="PASS" signature="setUp(java.lang.String)[pri:0, instance:search.DropDownMenuSearch@3108bc]" name="setUp" is-config="true" duration-ms="12915" started-at="2018-03-23T20:09:02Z" finished-at="2018-03-23T20:09:15Z">
          <params>
            <param index="0">
              <value>
                <![CDATA[https://www.amazon.com]]>
              </value>
            </param>
          </params>
          <reporter-output>
          </reporter-output>
        </test-method> <!-- setUp -->
        <test-method status="PASS" signature="startExtent(java.lang.reflect.Method)[pri:0, instance:search.DropDownMenuSearch@3108bc]" name="startExtent" is-config="true" duration-ms="21" started-at="2018-03-23T20:09:15Z" finished-at="2018-03-23T20:09:15Z">
          <params>
            <param index="0">
              <value>
                <![CDATA[public void search.DropDownMenuSearch.test() throws java.lang.InterruptedException]]>
              </value>
            </param>
          </params>
          <reporter-output>
          </reporter-output>
        </test-method> <!-- startExtent -->
        <test-method status="PASS" signature="test()[pri:0, instance:search.DropDownMenuSearch@3108bc]" name="test" duration-ms="20929" started-at="2018-03-23T20:09:15Z" finished-at="2018-03-23T20:09:36Z">
          <reporter-output>
            <line>
              <![CDATA[DropDownMenuSearch: drop Down Search]]>
            </line>
            <line>
              <![CDATA[DropDownMenuSearch: type On Input Search]]>
            </line>
          </reporter-output>
        </test-method> <!-- test -->
        <test-method status="PASS" signature="afterEachTestMethod(org.testng.ITestResult)[pri:0, instance:search.DropDownMenuSearch@3108bc]" name="afterEachTestMethod" is-config="true" duration-ms="1106" started-at="2018-03-23T20:09:36Z" finished-at="2018-03-23T20:09:37Z">
          <params>
            <param index="0">
              <value>
                <![CDATA[[TestResult name=test status=SUCCESS method=DropDownMenuSearch.test()[pri:0, instance:search.DropDownMenuSearch@3108bc] output=DropDownMenuSearch: drop Down Search]]]>
              </value>
            </param>
          </params>
          <reporter-output>
          </reporter-output>
        </test-method> <!-- afterEachTestMethod -->
        <test-method status="PASS" signature="cleanUp()[pri:0, instance:search.DropDownMenuSearch@3108bc]" name="cleanUp" is-config="true" duration-ms="1" started-at="2018-03-23T20:09:37Z" finished-at="2018-03-23T20:09:37Z">
          <reporter-output>
          </reporter-output>
        </test-method> <!-- cleanUp -->
        <test-method status="PASS" signature="generateReport()[pri:0, instance:search.DropDownMenuSearch@3108bc]" name="generateReport" is-config="true" duration-ms="51" started-at="2018-03-23T20:09:37Z" finished-at="2018-03-23T20:09:37Z">
          <reporter-output>
          </reporter-output>
        </test-method> <!-- generateReport -->
      </class> <!-- search.DropDownMenuSearch -->
    </test> <!-- Amazon Home -->
  </suite> <!-- Amazon Automation Test -->
</testng-results>
