<?xml version="1.0" encoding="UTF-8"?>
<testng-results skipped="0" failed="0" ignored="0" total="1" passed="1">
  <reporter-output>
  </reporter-output>
  <suite name="home.TestHome" duration-ms="11349" started-at="2018-02-21T05:08:20Z" finished-at="2018-02-21T05:08:32Z">
    <groups>
    </groups>
    <test name="Command line test" duration-ms="11349" started-at="2018-02-21T05:08:20Z" finished-at="2018-02-21T05:08:32Z">
      <class name="home.TestHome">
        <test-method status="PASS" signature="setUp(java.lang.String)[pri:0, instance:home.TestHome@7946e1f4]" name="setUp" is-config="true" duration-ms="10298" started-at="2018-02-21T00:08:20Z" finished-at="2018-02-21T00:08:31Z">
          <params>
            <param index="0">
              <value>
                <![CDATA[http://www.amazon.com]]>
              </value>
            </param>
          </params>
          <reporter-output>
          </reporter-output>
        </test-method> <!-- setUp -->
        <test-method status="PASS" signature="test1()[pri:0, instance:home.TestHome@7946e1f4]" name="test1" duration-ms="305" started-at="2018-02-21T00:08:31Z" finished-at="2018-02-21T00:08:31Z">
          <reporter-output>
          </reporter-output>
        </test-method> <!-- test1 -->
        <test-method status="PASS" signature="cleanUp()[pri:0, instance:home.TestHome@7946e1f4]" name="cleanUp" is-config="true" duration-ms="731" started-at="2018-02-21T00:08:31Z" finished-at="2018-02-21T00:08:32Z">
          <reporter-output>
          </reporter-output>
        </test-method> <!-- cleanUp -->
      </class> <!-- home.TestHome -->
    </test> <!-- Command line test -->
  </suite> <!-- home.TestHome -->
</testng-results>
