<?xml version="1.0" encoding="UTF-8"?>
<testng-results skipped="0" failed="0" ignored="0" total="1" passed="1">
  <reporter-output>
    <line>
      <![CDATA[Extent Report DirectoryC:\Users\Kowser\IdeaProjects\Web-Automation\Cnn\target\surefire-reports\html]]>
    </line>
  </reporter-output>
  <suite name="home.TestHome" duration-ms="10166" started-at="2018-02-22T02:57:26Z" finished-at="2018-02-22T02:57:37Z">
    <groups>
    </groups>
    <test name="Command line test" duration-ms="10166" started-at="2018-02-22T02:57:26Z" finished-at="2018-02-22T02:57:37Z">
      <class name="home.TestHome">
        <test-method status="PASS" signature="extentSetup(org.testng.ITestContext)[pri:0, instance:home.TestHome@5cc7c2a6]" name="extentSetup" is-config="true" duration-ms="183" started-at="2018-02-21T21:57:26Z" finished-at="2018-02-21T21:57:26Z">
          <params>
            <param index="0">
              <value>
                <![CDATA[org.testng.TestRunner@3016fd5e]]>
              </value>
            </param>
          </params>
          <reporter-output>
            <line>
              <![CDATA[Extent Report DirectoryC:\Users\Kowser\IdeaProjects\Web-Automation\Cnn\target\surefire-reports\html]]>
            </line>
          </reporter-output>
        </test-method> <!-- extentSetup -->
        <test-method status="PASS" signature="setUp(java.lang.String)[pri:0, instance:home.TestHome@5cc7c2a6]" name="setUp" is-config="true" duration-ms="9071" started-at="2018-02-21T21:57:26Z" finished-at="2018-02-21T21:57:35Z">
          <params>
            <param index="0">
              <value>
                <![CDATA[http://www.amazon.com]]>
              </value>
            </param>
          </params>
          <reporter-output>
          </reporter-output>
        </test-method> <!-- setUp -->
        <test-method status="PASS" signature="startExtent(java.lang.reflect.Method)[pri:0, instance:home.TestHome@5cc7c2a6]" name="startExtent" is-config="true" duration-ms="4" started-at="2018-02-21T21:57:35Z" finished-at="2018-02-21T21:57:35Z">
          <params>
            <param index="0">
              <value>
                <![CDATA[public void home.TestHome.test1()]]>
              </value>
            </param>
          </params>
          <reporter-output>
          </reporter-output>
        </test-method> <!-- startExtent -->
        <test-method status="PASS" signature="test1()[pri:0, instance:home.TestHome@5cc7c2a6]" name="test1" duration-ms="32" started-at="2018-02-21T21:57:35Z" finished-at="2018-02-21T21:57:36Z">
          <reporter-output>
          </reporter-output>
        </test-method> <!-- test1 -->
        <test-method status="PASS" signature="afterEachTestMethod(org.testng.ITestResult)[pri:0, instance:home.TestHome@5cc7c2a6]" name="afterEachTestMethod" is-config="true" duration-ms="1049" started-at="2018-02-21T21:57:36Z" finished-at="2018-02-21T21:57:37Z">
          <params>
            <param index="0">
              <value>
                <![CDATA[[TestResult name=test1 status=SUCCESS method=TestHome.test1()[pri:0, instance:home.TestHome@5cc7c2a6] output={null}]]]>
              </value>
            </param>
          </params>
          <reporter-output>
          </reporter-output>
        </test-method> <!-- afterEachTestMethod -->
        <test-method status="PASS" signature="cleanUp()[pri:0, instance:home.TestHome@5cc7c2a6]" name="cleanUp" is-config="true" duration-ms="0" started-at="2018-02-21T21:57:37Z" finished-at="2018-02-21T21:57:37Z">
          <reporter-output>
          </reporter-output>
        </test-method> <!-- cleanUp -->
        <test-method status="PASS" signature="generateReport()[pri:0, instance:home.TestHome@5cc7c2a6]" name="generateReport" is-config="true" duration-ms="24" started-at="2018-02-21T21:57:37Z" finished-at="2018-02-21T21:57:37Z">
          <reporter-output>
          </reporter-output>
        </test-method> <!-- generateReport -->
      </class> <!-- home.TestHome -->
    </test> <!-- Command line test -->
  </suite> <!-- home.TestHome -->
</testng-results>
